Build started 22.09.2020 10:13:15.
     1>Project "c:\temp\project\project\cnc_1_0_0\software\bootloader_PC\PIC32UBL\PIC32UBL.vcxproj" on node 2 (build target(s)).
     1>InitializeBuildStatus:
         Creating "Release\PIC32UBL.unsuccessfulbuild" because "AlwaysCreate" was specified.
       ClCompile:
         All outputs are up-to-date.
         All outputs are up-to-date.
       ResourceCompile:
         All outputs are up-to-date.
       Link:
         All outputs are up-to-date.
         PIC32UBL.vcxproj -> c:\temp\project\project\cnc_1_0_0\software\bootloader_PC\PIC32UBL\Release\PIC32UBL.exe
       Manifest:
         All outputs are up-to-date.
       FinalizeBuildStatus:
         Deleting file "Release\PIC32UBL.unsuccessfulbuild".
         Touching "Release\PIC32UBL.lastbuildstate".
     1>Done Building Project "c:\temp\project\project\cnc_1_0_0\software\bootloader_PC\PIC32UBL\PIC32UBL.vcxproj" (build target(s)).

Build succeeded.

Time Elapsed 00:00:00.33
